<?xml version="1.0" encoding="UTF-8"?>
<!-- Generated by org.testng.reporters.JUnitXMLReporter -->
<testsuite hostname="DESKTOP-4FDC4G8" ignored="6" name="Test" tests="3" failures="0" timestamp="2022-04-11T17:39:06 IST" time="0.085" errors="0">
  <testcase name="basketball" time="0.01" classname="simpleannoction.Groups"/>
  <testcase name="cricket" time="0.005" classname="simpleannoction.Groups"/>
  <testcase name="football" time="0.0" classname="simpleannoction.Groups"/>
  <testcase name="books" time="0.0" classname="simpleannoction.Groups">
    <ignored/>
  </testcase> <!-- books -->
  <testcase name="tv" time="0.0" classname="simpleannoction.Groups">
    <ignored/>
  </testcase> <!-- tv -->
  <testcase name="kindle" time="0.0" classname="simpleannoction.Groups">
    <ignored/>
  </testcase> <!-- kindle -->
  <testcase name="laptop" time="0.0" classname="simpleannoction.Groups">
    <ignored/>
  </testcase> <!-- laptop -->
  <testcase name="mobile" time="0.0" classname="simpleannoction.Groups">
    <ignored/>
  </testcase> <!-- mobile -->
  <testcase name="navels" time="0.0" classname="simpleannoction.Groups">
    <ignored/>
  </testcase> <!-- navels -->
</testsuite> <!-- Test -->
